{
  "stats": {
    "suites": 3,
    "tests": 4,
    "passes": 4,
    "pending": 0,
    "failures": 0,
    "start": "2025-10-29T16:03:33.598Z",
    "end": "2025-10-29T16:04:21.915Z",
    "duration": 48317,
    "testsRegistered": 4,
    "passPercent": 100,
    "pendingPercent": 0,
    "other": 0,
    "hasOther": false,
    "skipped": 0,
    "hasSkipped": false
  },
  "results": [
    {
      "uuid": "3a23ea1b-f893-4a9d-970c-6380eeecab02",
      "title": "",
      "fullFile": "",
      "file": "",
      "beforeHooks": [],
      "afterHooks": [],
      "tests": [],
      "suites": [
        {
          "uuid": "058c94e1-cb6a-4a37-8bf4-c9d3f652506b",
          "title": "SauceDemo Automation Test",
          "fullFile": "C:\\Users\\INDAH PURNAMA SARI\\Documents\\Mini Bootcamp QA Engineer-DigitalSkola\\Web_UI_Automation\\saucedemo-automation\\test\\tugassesi10.test.js",
          "file": "\\test\\tugassesi10.test.js",
          "beforeHooks": [
            {
              "title": "\"before all\" hook in \"SauceDemo Automation Test\"",
              "fullTitle": "SauceDemo Automation Test \"before all\" hook in \"SauceDemo Automation Test\"",
              "timedOut": false,
              "duration": 23293,
              "state": null,
              "speed": null,
              "pass": false,
              "fail": false,
              "pending": false,
              "context": null,
              "code": "driver = await new Builder().forBrowser('chrome').build();\nawait driver.manage().setTimeouts({ implicit: 10000 });\nawait driver.get('https://www.saucedemo.com/');",
              "err": {},
              "uuid": "ee52c353-a832-4dd7-815a-fb0ef3741299",
              "parentUUID": "058c94e1-cb6a-4a37-8bf4-c9d3f652506b",
              "isHook": true,
              "skipped": false
            }
          ],
          "afterHooks": [
            {
              "title": "\"after all\" hook in \"SauceDemo Automation Test\"",
              "fullTitle": "SauceDemo Automation Test \"after all\" hook in \"SauceDemo Automation Test\"",
              "timedOut": false,
              "duration": 1081,
              "state": null,
              "speed": null,
              "pass": false,
              "fail": false,
              "pending": false,
              "context": null,
              "code": "if (driver) {\n  await driver.quit();\n}",
              "err": {},
              "uuid": "d33f7b8d-051e-43f6-9816-b4d15cbfa11c",
              "parentUUID": "058c94e1-cb6a-4a37-8bf4-c9d3f652506b",
              "isHook": true,
              "skipped": false
            }
          ],
          "tests": [
            {
              "title": "Sukses Login dan Urutkan Produk dari A-Z",
              "fullTitle": "SauceDemo Automation Test Sukses Login dan Urutkan Produk dari A-Z",
              "timedOut": false,
              "duration": 2638,
              "state": "passed",
              "speed": "slow",
              "pass": true,
              "fail": false,
              "pending": false,
              "context": null,
              "code": "await driver.findElement(By.id('user-name')).sendKeys('standard_user');\nawait driver.findElement(By.id('password')).sendKeys('secret_sauce');\nawait driver.findElement(By.id('login-button')).click();\n\nawait driver.wait(until.urlContains('inventory.html'), 10000);\nconst currentUrl = await driver.getCurrentUrl();\nassert.ok(currentUrl.includes('inventory.html'), '❌ Login gagal');\n\nconst sortDropdown = await driver.findElement(By.className('product_sort_container'));\nawait sortDropdown.click();\nawait sortDropdown.findElement(By.css('option[value=\"az\"]')).click();\nconst firstItem = await driver.findElement(By.className('inventory_item_name')).getText();\nconsole.log('Produk pertama setelah sort A-Z:', firstItem);\nassert.ok(firstItem.length > 0, '❌ Produk tidak ditemukan');\nconsole.log('✅ Test sukses: Login & Sort A-Z berjalan dengan benar');",
              "err": {},
              "uuid": "ef7abf3b-1eee-4248-8bf9-342975da8cc6",
              "parentUUID": "058c94e1-cb6a-4a37-8bf4-c9d3f652506b",
              "isHook": false,
              "skipped": false
            }
          ],
          "suites": [],
          "passes": [
            "ef7abf3b-1eee-4248-8bf9-342975da8cc6"
          ],
          "failures": [],
          "pending": [],
          "skipped": [],
          "duration": 2638,
          "root": false,
          "rootEmpty": false,
          "_timeout": 60000
        },
        {
          "uuid": "568ba950-cc2b-4dcb-976b-2789f29f19e6",
          "title": "SauceDemo Automation Test (POM + Visual Test)",
          "fullFile": "C:\\Users\\INDAH PURNAMA SARI\\Documents\\Mini Bootcamp QA Engineer-DigitalSkola\\Web_UI_Automation\\saucedemo-automation\\test\\tugassesi11.test.js",
          "file": "\\test\\tugassesi11.test.js",
          "beforeHooks": [
            {
              "title": "\"before all\" hook in \"SauceDemo Automation Test (POM + Visual Test)\"",
              "fullTitle": "SauceDemo Automation Test (POM + Visual Test) \"before all\" hook in \"SauceDemo Automation Test (POM + Visual Test)\"",
              "timedOut": false,
              "duration": 3484,
              "state": null,
              "speed": null,
              "pass": false,
              "fail": false,
              "pending": false,
              "context": null,
              "code": "driver = await new Builder().forBrowser('chrome').build();\nloginPage = new LoginPage(driver);\ninventoryPage = new InventoryPage(driver);",
              "err": {},
              "uuid": "614e5289-6801-4346-82c5-e081fda1235b",
              "parentUUID": "568ba950-cc2b-4dcb-976b-2789f29f19e6",
              "isHook": true,
              "skipped": false
            }
          ],
          "afterHooks": [
            {
              "title": "\"after all\" hook in \"SauceDemo Automation Test (POM + Visual Test)\"",
              "fullTitle": "SauceDemo Automation Test (POM + Visual Test) \"after all\" hook in \"SauceDemo Automation Test (POM + Visual Test)\"",
              "timedOut": false,
              "duration": 840,
              "state": null,
              "speed": null,
              "pass": false,
              "fail": false,
              "pending": false,
              "context": null,
              "code": "await driver.quit();",
              "err": {},
              "uuid": "9465cdeb-0df2-49b2-b2d6-e3487fbf87f2",
              "parentUUID": "568ba950-cc2b-4dcb-976b-2789f29f19e6",
              "isHook": true,
              "skipped": false
            }
          ],
          "tests": [
            {
              "title": "Sukses Login dan Urutkan Produk dari A-Z",
              "fullTitle": "SauceDemo Automation Test (POM + Visual Test) Sukses Login dan Urutkan Produk dari A-Z",
              "timedOut": false,
              "duration": 6111,
              "state": "passed",
              "speed": "slow",
              "pass": true,
              "fail": false,
              "pending": false,
              "context": null,
              "code": "await loginPage.open();\nawait loginPage.login('standard_user', 'secret_sauce');\nawait inventoryPage.sortAtoZ();\nawait inventoryPage.verifyFirstItem();\nconsole.log('✅ Test sukses: Login & Sort A-Z berjalan dengan benar');",
              "err": {},
              "uuid": "7abd456b-4dc4-4a8a-8d4f-edaaba5d8285",
              "parentUUID": "568ba950-cc2b-4dcb-976b-2789f29f19e6",
              "isHook": false,
              "skipped": false
            },
            {
              "title": "Visual Testing: Screenshot halaman Inventory",
              "fullTitle": "SauceDemo Automation Test (POM + Visual Test) Visual Testing: Screenshot halaman Inventory",
              "timedOut": false,
              "duration": 203,
              "state": "passed",
              "speed": "slow",
              "pass": true,
              "fail": false,
              "pending": false,
              "context": null,
              "code": "await inventoryPage.takeScreenshot('inventory-visual.png');",
              "err": {},
              "uuid": "9940159d-e007-4184-b802-f6b1ff60d2a4",
              "parentUUID": "568ba950-cc2b-4dcb-976b-2789f29f19e6",
              "isHook": false,
              "skipped": false
            }
          ],
          "suites": [],
          "passes": [
            "7abd456b-4dc4-4a8a-8d4f-edaaba5d8285",
            "9940159d-e007-4184-b802-f6b1ff60d2a4"
          ],
          "failures": [],
          "pending": [],
          "skipped": [],
          "duration": 6314,
          "root": false,
          "rootEmpty": false,
          "_timeout": 60000
        },
        {
          "uuid": "421acaf1-9bc3-4c4c-989b-03e344d40463",
          "title": "SauceDemo Automation Test",
          "fullFile": "C:\\Users\\INDAH PURNAMA SARI\\Documents\\Mini Bootcamp QA Engineer-DigitalSkola\\Web_UI_Automation\\saucedemo-automation\\test\\tugassesi9.test.js",
          "file": "\\test\\tugassesi9.test.js",
          "beforeHooks": [],
          "afterHooks": [],
          "tests": [
            {
              "title": "Sukses Login dan Urutkan Produk dari A-Z",
              "fullTitle": "SauceDemo Automation Test Sukses Login dan Urutkan Produk dari A-Z",
              "timedOut": false,
              "duration": 10593,
              "state": "passed",
              "speed": "slow",
              "pass": true,
              "fail": false,
              "pending": false,
              "context": null,
              "code": "driver = await new Builder().forBrowser('chrome').build();\nawait driver.manage().setTimeouts({ implicit: 10000 });\ntry {\n  \n  await driver.get('https://www.saucedemo.com/');\n  \n  await driver.findElement(By.id('user-name')).sendKeys('standard_user');\n  await driver.findElement(By.id('password')).sendKeys('secret_sauce');\n  await driver.findElement(By.id('login-button')).click();\n  \n  await driver.wait(until.urlContains('inventory.html'), 10000);\n  \n  const currentUrl = await driver.getCurrentUrl();\n  assert.ok(currentUrl.includes('inventory.html'), 'Login gagal');\n  \n  const sortDropdown = await driver.findElement(By.className('product_sort_container'));\n  await sortDropdown.click();\n  await sortDropdown.findElement(By.css('option[value=\"az\"]')).click();\n  const firstItem = await driver.findElement(By.className('inventory_item_name')).getText();\n  console.log('Produk pertama setelah sort A-Z:', firstItem);\n  assert.ok(firstItem.length > 0, 'Produk tidak ditemukan');\n  console.log('✅ Test sukses: Login & Sort A-Z berjalan dengan benar');\n} catch (err) {\n  console.error('❌ Error:', err.message);\n  throw err;\n} finally {\n  await driver.quit();\n}",
              "err": {},
              "uuid": "8dbc0d78-b675-46aa-9563-075ba8bd1fb4",
              "parentUUID": "421acaf1-9bc3-4c4c-989b-03e344d40463",
              "isHook": false,
              "skipped": false
            }
          ],
          "suites": [],
          "passes": [
            "8dbc0d78-b675-46aa-9563-075ba8bd1fb4"
          ],
          "failures": [],
          "pending": [],
          "skipped": [],
          "duration": 10593,
          "root": false,
          "rootEmpty": false,
          "_timeout": 60000
        }
      ],
      "passes": [],
      "failures": [],
      "pending": [],
      "skipped": [],
      "duration": 0,
      "root": true,
      "rootEmpty": true,
      "_timeout": 60000
    }
  ],
  "meta": {
    "mocha": {
      "version": "11.7.4"
    },
    "mochawesome": {
      "options": {
        "quiet": false,
        "reportFilename": "mochawesome",
        "saveHtml": true,
        "saveJson": true,
        "consoleReporter": "spec",
        "useInlineDiffs": false,
        "code": true
      },
      "version": "7.1.4"
    },
    "marge": {
      "options": null,
      "version": "6.3.0"
    }
  }
}